mode: set
github.com/teerit/assessment/expense/create.go:10.62,13.16 3 1
github.com/teerit/assessment/expense/create.go:16.2,19.16 4 1
github.com/teerit/assessment/expense/create.go:23.2,23.40 1 1
github.com/teerit/assessment/expense/create.go:13.16,15.3 1 0
github.com/teerit/assessment/expense/create.go:19.16,21.3 1 0
github.com/teerit/assessment/expense/expense.go:17.42,19.2 1 1
github.com/teerit/assessment/expense/get.go:11.63,15.16 3 1
github.com/teerit/assessment/expense/get.go:19.2,23.16 4 1
github.com/teerit/assessment/expense/get.go:27.2,27.35 1 1
github.com/teerit/assessment/expense/get.go:15.16,17.3 1 0
github.com/teerit/assessment/expense/get.go:23.16,25.3 1 0
github.com/teerit/assessment/expense/get.go:30.60,34.16 3 1
github.com/teerit/assessment/expense/get.go:37.2,37.18 1 1
github.com/teerit/assessment/expense/get.go:47.2,47.36 1 1
github.com/teerit/assessment/expense/get.go:34.16,36.3 1 0
github.com/teerit/assessment/expense/get.go:37.18,40.17 3 1
github.com/teerit/assessment/expense/get.go:44.3,44.27 1 1
github.com/teerit/assessment/expense/get.go:40.17,43.4 1 0
github.com/teerit/assessment/expense/update.go:12.62,14.16 2 1
github.com/teerit/assessment/expense/update.go:18.2,21.16 3 1
github.com/teerit/assessment/expense/update.go:25.2,26.16 2 1
github.com/teerit/assessment/expense/update.go:31.2,31.97 1 1
github.com/teerit/assessment/expense/update.go:36.2,37.35 2 1
github.com/teerit/assessment/expense/update.go:14.16,16.3 1 0
github.com/teerit/assessment/expense/update.go:21.16,23.3 1 0
github.com/teerit/assessment/expense/update.go:26.16,29.3 2 0
github.com/teerit/assessment/expense/update.go:31.97,34.3 2 0
